<?xml version="1.0" encoding="UTF-8"?>
<!-- Generated by org.testng.reporters.JUnitReportReporter -->
<testsuite skipped="0" hostname="XIPL0647" name="com.qa.tests.PostAPITest" tests="1" failures="0" timestamp="22 Jan 2019 11:19:42 GMT" time="1.318" errors="0">
  <testcase name="postAPITest" time="1.318" classname="com.qa.tests.PostAPITest"/>
</testsuite> <!-- com.qa.tests.PostAPITest -->
