<?xml version="1.0" encoding="UTF-8"?>
<!-- Generated by org.testng.reporters.JUnitReportReporter -->
<testsuite skipped="0" hostname="XIPL0647" name="com.qa.tests.GetAPITest" tests="1" failures="0" timestamp="23 Jan 2019 06:16:30 GMT" time="1.172" errors="0">
  <testcase name="getAPITest" time="1.172" classname="com.qa.tests.GetAPITest"/>
</testsuite> <!-- com.qa.tests.GetAPITest -->
