<?xml version="1.0" encoding="UTF-8"?>
<!-- Generated by org.testng.reporters.JUnitReportReporter -->
<testsuite skipped="0" hostname="XIPL0647" name="com.qa.tests.GetAPITest" tests="1" failures="0" timestamp="22 Jan 2019 09:22:42 GMT" time="1.279" errors="0">
  <testcase name="getAPITest" time="1.279" classname="com.qa.tests.GetAPITest"/>
</testsuite> <!-- com.qa.tests.GetAPITest -->
