<?xml version="1.0" encoding="UTF-8"?>
<!-- Generated by org.testng.reporters.JUnitReportReporter -->
<testsuite skipped="0" hostname="XIPL0647" name="com.qa.tests.PostAPITest" tests="1" failures="0" timestamp="23 Jan 2019 06:16:30 GMT" time="0.951" errors="0">
  <testcase name="postAPITest" time="0.951" classname="com.qa.tests.PostAPITest"/>
</testsuite> <!-- com.qa.tests.PostAPITest -->
